  FileName.c
C:\Users\BIT\source\repos\Project4\Project4\FileName.c(204,9): warning C4477: 'printf' : 서식 문자열 '%d'에 'int' 형식의 인수가 필요하지만 variadic 인수 1의 형식이 'int *'입니다.
C:\Users\BIT\source\repos\Project4\Project4\FileName.c(204,9): warning C4313: 'printf': 서식 문자열의 '%d'이(가) int *' 형식의 인수 1과(와) 충돌합니다.
C:\Users\BIT\source\repos\Project4\Project4\FileName.c(204,9): warning C4477: 'printf' : 서식 문자열 '%d'에 'int' 형식의 인수가 필요하지만 variadic 인수 2의 형식이 'int *'입니다.
C:\Users\BIT\source\repos\Project4\Project4\FileName.c(204,9): warning C4313: 'printf': 서식 문자열의 '%d'이(가) int *' 형식의 인수 2과(와) 충돌합니다.
C:\Users\BIT\source\repos\Project4\Project4\FileName.c(205,9): warning C4477: 'printf' : 서식 문자열 '%d'에 'int' 형식의 인수가 필요하지만 variadic 인수 1의 형식이 'double *'입니다.
C:\Users\BIT\source\repos\Project4\Project4\FileName.c(205,9): warning C4313: 'printf': 서식 문자열의 '%d'이(가) double *' 형식의 인수 1과(와) 충돌합니다.
C:\Users\BIT\source\repos\Project4\Project4\FileName.c(205,9): warning C4477: 'printf' : 서식 문자열 '%d'에 'int' 형식의 인수가 필요하지만 variadic 인수 2의 형식이 'double *'입니다.
C:\Users\BIT\source\repos\Project4\Project4\FileName.c(205,9): warning C4313: 'printf': 서식 문자열의 '%d'이(가) double *' 형식의 인수 2과(와) 충돌합니다.
C:\Users\BIT\source\repos\Project4\Project4\FileName.c(207,9): warning C4477: 'printf' : 서식 문자열 '%d'에 'int' 형식의 인수가 필요하지만 variadic 인수 1의 형식이 'int *'입니다.
C:\Users\BIT\source\repos\Project4\Project4\FileName.c(207,9): warning C4313: 'printf': 서식 문자열의 '%d'이(가) int *' 형식의 인수 1과(와) 충돌합니다.
C:\Users\BIT\source\repos\Project4\Project4\FileName.c(207,9): warning C4477: 'printf' : 서식 문자열 '%d'에 'int' 형식의 인수가 필요하지만 variadic 인수 2의 형식이 'double *'입니다.
C:\Users\BIT\source\repos\Project4\Project4\FileName.c(207,9): warning C4313: 'printf': 서식 문자열의 '%d'이(가) double *' 형식의 인수 2과(와) 충돌합니다.
C:\Users\BIT\source\repos\Project4\Project4\FileName.c(210,9): warning C4477: 'printf' : 서식 문자열 '%d'에 'int' 형식의 인수가 필요하지만 variadic 인수 1의 형식이 'int *'입니다.
C:\Users\BIT\source\repos\Project4\Project4\FileName.c(210,9): warning C4313: 'printf': 서식 문자열의 '%d'이(가) int *' 형식의 인수 1과(와) 충돌합니다.
C:\Users\BIT\source\repos\Project4\Project4\FileName.c(210,9): warning C4477: 'printf' : 서식 문자열 '%d'에 'int' 형식의 인수가 필요하지만 variadic 인수 2의 형식이 'double *'입니다.
C:\Users\BIT\source\repos\Project4\Project4\FileName.c(210,9): warning C4313: 'printf': 서식 문자열의 '%d'이(가) double *' 형식의 인수 2과(와) 충돌합니다.
C:\Users\BIT\source\repos\Project4\Project4\FileName.c(201,7): warning C4047: '초기화 중': 'int *'의 간접 참조 수준이 'int'과(와) 다릅니다.
C:\Users\BIT\source\repos\Project4\Project4\FileName.c(202,10): warning C4047: '초기화 중': 'double *'의 간접 참조 수준이 'int'과(와) 다릅니다.
  Project4.vcxproj -> C:\Users\BIT\source\repos\Project4\x64\Debug\Project4.exe
